<?xml version="1.0" encoding="UTF-8"?>
<testsuite xmlns:xsi="http://www.w3.org/2001/XMLSchema-instance" xsi:noNamespaceSchemaLocation="https://maven.apache.org/surefire/maven-surefire-plugin/xsd/surefire-test-report-3.0.xsd" version="3.0" name="itson.sistemarestaurante.DetallesComandaTest" time="0.76" tests="1" errors="0" skipped="0" failures="0">
  <properties>
[...]
</properties>
  <testcase name="testCrearComandaConProductos" classname="itson.sistemarestaurante.DetallesComandaTest" time="0.744">
    <system-out><![CDATA[[EL Info]: 2025-03-29 12:34:35.132--ServerSession(1804126860)--EclipseLink, version: Eclipse Persistence Services - 2.7.12.v20230209-e5c4074ef3
]]></system-out>
  </testcase>
</testsuite>